[debug] [2023-02-11T14:19:29.346Z] ----------------------------------------------------------------------
[debug] [2023-02-11T14:19:29.347Z] Command:       /usr/local/bin/node /usr/local/bin/firebase deploy
[debug] [2023-02-11T14:19:29.348Z] CLI Version:   11.20.0
[debug] [2023-02-11T14:19:29.348Z] Platform:      darwin
[debug] [2023-02-11T14:19:29.348Z] Node Version:  v14.20.1
[debug] [2023-02-11T14:19:29.351Z] Time:          Sat Feb 11 2023 21:19:29 GMT+0700 (Western Indonesia Time)
[debug] [2023-02-11T14:19:29.352Z] ----------------------------------------------------------------------
[debug] 
[debug] [2023-02-11T14:19:29.406Z] > command requires scopes: ["email","openid","https://www.googleapis.com/auth/cloudplatformprojects.readonly","https://www.googleapis.com/auth/firebase","https://www.googleapis.com/auth/cloud-platform"]
[debug] [2023-02-11T14:19:29.406Z] > authorizing via signed-in user (197413vr@gmail.com)
[debug] [2023-02-11T14:19:29.406Z] [iam] checking project datasintesa-2bc4e for permissions ["firebase.projects.get","firebasehosting.sites.update"]
[debug] [2023-02-11T14:19:29.408Z] >>> [apiv2][query] POST https://cloudresourcemanager.googleapis.com/v1/projects/datasintesa-2bc4e:testIamPermissions [none]
[debug] [2023-02-11T14:19:29.409Z] >>> [apiv2][(partial)header] POST https://cloudresourcemanager.googleapis.com/v1/projects/datasintesa-2bc4e:testIamPermissions x-goog-quota-user=projects/datasintesa-2bc4e
[debug] [2023-02-11T14:19:29.409Z] >>> [apiv2][body] POST https://cloudresourcemanager.googleapis.com/v1/projects/datasintesa-2bc4e:testIamPermissions {"permissions":["firebase.projects.get","firebasehosting.sites.update"]}
[debug] [2023-02-11T14:19:30.781Z] <<< [apiv2][status] POST https://cloudresourcemanager.googleapis.com/v1/projects/datasintesa-2bc4e:testIamPermissions 200
[debug] [2023-02-11T14:19:30.782Z] <<< [apiv2][body] POST https://cloudresourcemanager.googleapis.com/v1/projects/datasintesa-2bc4e:testIamPermissions {"permissions":["firebase.projects.get","firebasehosting.sites.update"]}
[debug] [2023-02-11T14:19:30.784Z] >>> [apiv2][query] GET https://firebase.googleapis.com/v1beta1/projects/datasintesa-2bc4e [none]
[debug] [2023-02-11T14:19:31.398Z] <<< [apiv2][status] GET https://firebase.googleapis.com/v1beta1/projects/datasintesa-2bc4e 200
[debug] [2023-02-11T14:19:31.399Z] <<< [apiv2][body] GET https://firebase.googleapis.com/v1beta1/projects/datasintesa-2bc4e {"projectId":"datasintesa-2bc4e","projectNumber":"154869314103","displayName":"datasintesa","name":"projects/datasintesa-2bc4e","resources":{"hostingSite":"datasintesa-2bc4e"},"state":"ACTIVE","etag":"1_85a4e207-be85-457b-8a7b-43191a05eb08"}
[info] 
[info] === Deploying to 'datasintesa-2bc4e'...
[info] 
[info] i  deploying hosting 
[debug] [2023-02-11T14:19:31.412Z] >>> [apiv2][query] POST https://firebasehosting.googleapis.com/v1beta1/projects/-/sites/datasintesa-2bc4e/versions [none]
[debug] [2023-02-11T14:19:31.412Z] >>> [apiv2][body] POST https://firebasehosting.googleapis.com/v1beta1/projects/-/sites/datasintesa-2bc4e/versions {"status":"CREATED","labels":{"deployment-tool":"cli-firebase"}}
[debug] [2023-02-11T14:19:32.432Z] <<< [apiv2][status] POST https://firebasehosting.googleapis.com/v1beta1/projects/-/sites/datasintesa-2bc4e/versions 200
[debug] [2023-02-11T14:19:32.433Z] <<< [apiv2][body] POST https://firebasehosting.googleapis.com/v1beta1/projects/-/sites/datasintesa-2bc4e/versions {"name":"projects/154869314103/sites/datasintesa-2bc4e/versions/df7579b6b985b736","status":"CREATED","config":{},"labels":{"deployment-tool":"cli-firebase"}}
